<?xml version="1.0" encoding="UTF-8"?>
<!-- Generated by org.testng.reporters.JUnitReportReporter -->
<testsuite hostname="DESKTOP-3RBOU9C" failures="0" tests="1" name="runners.TestRunner" time="15.962" errors="0" timestamp="2025-10-06T16:28:59 IST" skipped="0">
  <testcase classname="runners.TestRunner" name="runScenario" time="15.962"/>
</testsuite> <!-- runners.TestRunner -->
